#
# A fatal error has been detected by the Java Runtime Environment:
#
#  EXCEPTION_ACCESS_VIOLATION (0xc0000005) at pc=0x5b20fb3d, pid=8716, tid=31696
#
# JRE version: Java(TM) SE Runtime Environment (8.0_20-b26) (build 1.8.0_20-b26)
# Java VM: Java HotSpot(TM) Client VM (25.20-b23 mixed mode windows-x86 )
# Problematic frame:
# V  [jvm.dll+0xbfb3d]
#
# Failed to write core dump. Minidumps are not enabled by default on client versions of Windows
#
# If you would like to submit a bug report, please visit:
#   http://bugreport.sun.com/bugreport/crash.jsp
#

---------------  T H R E A D  ---------------

Current thread (0x14e9b800):  JavaThread "JDWP Transport Listener: dt_socket" daemon [_thread_in_vm, id=31696, stack(0x152e0000,0x15330000)]

siginfo: ExceptionCode=0xc0000005, reading address 0x616c2f61

Registers:
EAX=0x616c2f61, EBX=0x00000000, ECX=0x616c2f61, EDX=0x00000000
ESP=0x1532f8d8, EBP=0x1532f8dc, ESI=0x14e9b800, EDI=0x027ca4c8
EIP=0x5b20fb3d, EFLAGS=0x00010202

Top of Stack: (sp=0x1532f8d8)
0x1532f8d8:   14e9b800 1532f904 5b365d64 616c2f61
0x1532f8e8:   1532f9bc 1532f93f 14e9b800 00000000
0x1532f8f8:   00000000 00000000 14e9b800 1532f940
0x1532f908:   5dbe9f7b 027ca4c8 616c2f61 1532f93f
0x1532f918:   616c2f61 5dbd436d 616c2f61 1532f93f
0x1532f928:   00000001 00000000 00000000 00000001
0x1532f938:   00000000 006eed04 1532f960 5dbd44e0
0x1532f948:   00000001 1532f97c 1532f9b8 15750f58 

Instructions: (pc=0x5b20fb3d)
0x5b20fb1d:   5d c3 52 e8 bb f7 ff ff 5d c3 cc cc cc cc cc cc
0x5b20fb2d:   cc cc cc 55 8b ec 8b 45 08 85 c0 75 02 5d c3 56
0x5b20fb3d:   8b 30 85 f6 74 17 83 fe 37 74 12 8b 06 8b 50 08
0x5b20fb4d:   8b ce ff d2 84 c0 74 05 8b c6 5e 5d c3 33 c0 5e 


Register to memory mapping:

EAX=0x616c2f61 is an unknown value
EBX=0x00000000 is an unknown value
ECX=0x616c2f61 is an unknown value
EDX=0x00000000 is an unknown value
ESP=0x1532f8d8 is pointing into the stack for thread: 0x14e9b800
EBP=0x1532f8dc is pointing into the stack for thread: 0x14e9b800
ESI=0x14e9b800 is a thread
EDI=0x027ca4c8 is an unknown value


Stack: [0x152e0000,0x15330000],  sp=0x1532f8d8,  free space=318k
Native frames: (J=compiled Java code, j=interpreted, Vv=VM code, C=native code)
V  [jvm.dll+0xbfb3d]
V  [jvm.dll+0x215d64]
C  [jdwp.dll+0x19f7b]
C  [jdwp.dll+0x44e0]
C  [jdwp.dll+0x451e]
C  0x00000001


---------------  P R O C E S S  ---------------

Java Threads: ( => current thread )
  0x16838400 JavaThread "DestroyJavaVM" [_thread_blocked, id=28996, stack(0x02650000,0x026a0000)]
  0x16838800 JavaThread "http-nio-8080-AsyncTimeout" daemon [_thread_blocked, id=8484, stack(0x17c10000,0x17c60000)]
  0x16816c00 JavaThread "http-nio-8080-Acceptor-0" daemon [_thread_in_native, id=30996, stack(0x17b80000,0x17bd0000)]
  0x16816400 JavaThread "http-nio-8080-ClientPoller-1" daemon [_thread_in_native, id=20152, stack(0x17af0000,0x17b40000)]
  0x16815800 JavaThread "http-nio-8080-ClientPoller-0" daemon [_thread_in_native, id=27928, stack(0x17a60000,0x17ab0000)]
  0x16818000 JavaThread "http-nio-8080-exec-10" daemon [_thread_blocked, id=1356, stack(0x179d0000,0x17a20000)]
  0x16818400 JavaThread "http-nio-8080-exec-9" daemon [_thread_blocked, id=33092, stack(0x17940000,0x17990000)]
  0x16817000 JavaThread "http-nio-8080-exec-8" daemon [_thread_blocked, id=32712, stack(0x178b0000,0x17900000)]
  0x16817800 JavaThread "http-nio-8080-exec-7" daemon [_thread_blocked, id=26044, stack(0x17820000,0x17870000)]
  0x16815400 JavaThread "http-nio-8080-exec-6" daemon [_thread_blocked, id=19164, stack(0x17790000,0x177e0000)]
  0x16816000 JavaThread "http-nio-8080-exec-5" daemon [_thread_blocked, id=32416, stack(0x17700000,0x17750000)]
  0x16814c00 JavaThread "http-nio-8080-exec-4" daemon [_thread_blocked, id=6620, stack(0x17670000,0x176c0000)]
  0x16814400 JavaThread "http-nio-8080-exec-3" daemon [_thread_blocked, id=25884, stack(0x175e0000,0x17630000)]
  0x16814000 JavaThread "http-nio-8080-exec-2" daemon [_thread_blocked, id=20824, stack(0x17550000,0x175a0000)]
  0x16813800 JavaThread "http-nio-8080-exec-1" daemon [_thread_blocked, id=29876, stack(0x174c0000,0x17510000)]
  0x1680d000 JavaThread "NioBlockingSelector.BlockPoller-1" daemon [_thread_in_native, id=15476, stack(0x17430000,0x17480000)]
  0x16773400 JavaThread "container-0" [_thread_blocked, id=11712, stack(0x171a0000,0x171f0000)]
  0x1677d000 JavaThread "ContainerBackgroundProcessor[StandardEngine[Tomcat]]" daemon [_thread_blocked, id=10880, stack(0x17110000,0x17160000)]
  0x156ed400 JavaThread "RMI TCP Accept-0" daemon [_thread_in_native, id=26412, stack(0x15bd0000,0x15c20000)]
  0x156e3000 JavaThread "RMI TCP Accept-51427" daemon [_thread_in_native, id=16056, stack(0x15a40000,0x15a90000)]
  0x156ab400 JavaThread "RMI TCP Accept-0" daemon [_thread_in_native, id=34044, stack(0x159b0000,0x15a00000)]
  0x14eb6c00 JavaThread "Service Thread" daemon [_thread_blocked, id=35904, stack(0x15520000,0x15570000)]
  0x14eab800 JavaThread "C1 CompilerThread0" daemon [_thread_blocked, id=29780, stack(0x15490000,0x154e0000)]
  0x14ea3400 JavaThread "JDWP Command Reader" daemon [_thread_in_native, id=33448, stack(0x15400000,0x15450000)]
  0x14e9e400 JavaThread "JDWP Event Helper Thread" daemon [_thread_blocked, id=6996, stack(0x15370000,0x153c0000)]
=>0x14e9b800 JavaThread "JDWP Transport Listener: dt_socket" daemon [_thread_in_vm, id=31696, stack(0x152e0000,0x15330000)]
  0x14e8f000 JavaThread "Attach Listener" daemon [_thread_blocked, id=11352, stack(0x15250000,0x152a0000)]
  0x14e8d000 JavaThread "Signal Dispatcher" daemon [_thread_blocked, id=22456, stack(0x151c0000,0x15210000)]
  0x14e67c00 JavaThread "Finalizer" daemon [_thread_blocked, id=30644, stack(0x15130000,0x15180000)]
  0x14e62400 JavaThread "Reference Handler" daemon [_thread_blocked, id=6896, stack(0x150a0000,0x150f0000)]

Other Threads:
  0x0279d400 VMThread [stack: 0x04980000,0x049d0000] [id=14796]
  0x156eec00 WatcherThread [stack: 0x15c60000,0x15cb0000] [id=29320]

VM state:not at safepoint (normal execution)

VM Mutex/Monitor currently owned by a thread: None

Heap:
 def new generation   total 8000K, used 5407K [0x04a00000, 0x052a0000, 0x09f50000)
  eden space 7168K,  63% used [0x04a00000, 0x04e77ca0, 0x05100000)
  from space 832K,  99% used [0x05100000, 0x051cfff8, 0x051d0000)
  to   space 832K,   0% used [0x051d0000, 0x051d0000, 0x052a0000)
 tenured generation   total 17588K, used 17352K [0x09f50000, 0x0b07d000, 0x14a00000)
   the space 17588K,  98% used [0x09f50000, 0x0b042398, 0x0b042400, 0x0b07d000)
 Metaspace       used 18225K, capacity 18424K, committed 18560K, reserved 18816K

Card table byte_map: [0x04850000,0x048e0000] byte_map_base: 0x0482b000

Polling page: 0x00ce0000

CodeCache: size=32768Kb used=3215Kb max_used=3225Kb free=29552Kb
 bounds [0x027d0000, 0x02af8000, 0x047d0000]
 total_blobs=1742 nmethods=1559 adapters=122
 compilation: enabled

Compilation events (10 events):
Event: 241.995 Thread 0x14eab800 1587             java.lang.System$2::blockedOn (6 bytes)
Event: 241.996 Thread 0x14eab800 nmethod 1587 0x028b6d08 code [0x028b6e10, 0x028b7030]
Event: 282.008 Thread 0x14eab800 1588   !         sun.nio.ch.SelectorImpl::processDeregisterQueue (101 bytes)
Event: 282.009 Thread 0x14eab800 nmethod 1588 0x02879188 code [0x02879310, 0x02879740]
Event: 308.625 Thread 0x14eab800 1590  s          org.apache.tomcat.util.collections.SynchronizedQueue::size (23 bytes)
Event: 308.625 Thread 0x14eab800 nmethod 1590 0x02878bc8 code [0x02878cc0, 0x02878e90]
Event: 310.640 Thread 0x14eab800 1591             java.nio.channels.spi.AbstractInterruptibleChannel::blockedOn (13 bytes)
Event: 310.640 Thread 0x14eab800 nmethod 1591 0x028738c8 code [0x028739d0, 0x02873c10]
Event: 333.649 Thread 0x14eab800 1592             java.nio.channels.spi.AbstractSelector::isOpen (8 bytes)
Event: 333.649 Thread 0x14eab800 nmethod 1592 0x028736c8 code [0x028737c0, 0x02873860]

GC Heap History (10 events):
Event: 1.986 GC heap before
{Heap before GC invocations=39 (full 2):
 def new generation   total 8000K, used 7847K [0x04a00000, 0x052a0000, 0x09f50000)
  eden space 7168K, 100% used [0x04a00000, 0x05100000, 0x05100000)
  from space 832K,  81% used [0x051d0000, 0x05279c80, 0x052a0000)
  to   space 832K,   0% used [0x05100000, 0x05100000, 0x051d0000)
 tenured generation   total 17588K, used 15082K [0x09f50000, 0x0b07d000, 0x14a00000)
   the space 17588K,  85% used [0x09f50000, 0x0ae0a980, 0x0ae0aa00, 0x0b07d000)
 Metaspace       used 16310K, capacity 16464K, committed 16640K, reserved 16768K
Event: 1.988 GC heap after
Heap after GC invocations=40 (full 2):
 def new generation   total 8000K, used 450K [0x04a00000, 0x052a0000, 0x09f50000)
  eden space 7168K,   0% used [0x04a00000, 0x04a00000, 0x05100000)
  from space 832K,  54% used [0x05100000, 0x05170950, 0x051d0000)
  to   space 832K,   0% used [0x051d0000, 0x051d0000, 0x052a0000)
 tenured generation   total 17588K, used 15522K [0x09f50000, 0x0b07d000, 0x14a00000)
   the space 17588K,  88% used [0x09f50000, 0x0ae78a28, 0x0ae78c00, 0x0b07d000)
 Metaspace       used 16310K, capacity 16464K, committed 16640K, reserved 16768K
}
Event: 2.043 GC heap before
{Heap before GC invocations=40 (full 2):
 def new generation   total 8000K, used 7618K [0x04a00000, 0x052a0000, 0x09f50000)
  eden space 7168K, 100% used [0x04a00000, 0x05100000, 0x05100000)
  from space 832K,  54% used [0x05100000, 0x05170950, 0x051d0000)
  to   space 832K,   0% used [0x051d0000, 0x051d0000, 0x052a0000)
 tenured generation   total 17588K, used 15522K [0x09f50000, 0x0b07d000, 0x14a00000)
   the space 17588K,  88% used [0x09f50000, 0x0ae78a28, 0x0ae78c00, 0x0b07d000)
 Metaspace       used 16413K, capacity 16592K, committed 16768K, reserved 16768K
Event: 2.046 GC heap after
Heap after GC invocations=41 (full 2):
 def new generation   total 8000K, used 568K [0x04a00000, 0x052a0000, 0x09f50000)
  eden space 7168K,   0% used [0x04a00000, 0x04a00000, 0x05100000)
  from space 832K,  68% used [0x051d0000, 0x0525e390, 0x052a0000)
  to   space 832K,   0% used [0x05100000, 0x05100000, 0x051d0000)
 tenured generation   total 17588K, used 15904K [0x09f50000, 0x0b07d000, 0x14a00000)
   the space 17588K,  90% used [0x09f50000, 0x0aed81f0, 0x0aed8200, 0x0b07d000)
 Metaspace       used 16413K, capacity 16592K, committed 16768K, reserved 16768K
}
Event: 2.111 GC heap before
{Heap before GC invocations=41 (full 2):
 def new generation   total 8000K, used 7736K [0x04a00000, 0x052a0000, 0x09f50000)
  eden space 7168K, 100% used [0x04a00000, 0x05100000, 0x05100000)
  from space 832K,  68% used [0x051d0000, 0x0525e390, 0x052a0000)
  to   space 832K,   0% used [0x05100000, 0x05100000, 0x051d0000)
 tenured generation   total 17588K, used 15904K [0x09f50000, 0x0b07d000, 0x14a00000)
   the space 17588K,  90% used [0x09f50000, 0x0aed81f0, 0x0aed8200, 0x0b07d000)
 Metaspace       used 16421K, capacity 16597K, committed 16768K, reserved 16768K
Event: 2.113 GC heap after
Heap after GC invocations=42 (full 2):
 def new generation   total 8000K, used 111K [0x04a00000, 0x052a0000, 0x09f50000)
  eden space 7168K,   0% used [0x04a00000, 0x04a00000, 0x05100000)
  from space 832K,  13% used [0x05100000, 0x0511bf58, 0x051d0000)
  to   space 832K,   0% used [0x051d0000, 0x051d0000, 0x052a0000)
 tenured generation   total 17588K, used 16361K [0x09f50000, 0x0b07d000, 0x14a00000)
   the space 17588K,  93% used [0x09f50000, 0x0af4a5f8, 0x0af4a600, 0x0b07d000)
 Metaspace       used 16421K, capacity 16597K, committed 16768K, reserved 16768K
}
Event: 8.545 GC heap before
{Heap before GC invocations=42 (full 2):
 def new generation   total 8000K, used 7279K [0x04a00000, 0x052a0000, 0x09f50000)
  eden space 7168K, 100% used [0x04a00000, 0x05100000, 0x05100000)
  from space 832K,  13% used [0x05100000, 0x0511bf58, 0x051d0000)
  to   space 832K,   0% used [0x051d0000, 0x051d0000, 0x052a0000)
 tenured generation   total 17588K, used 16361K [0x09f50000, 0x0b07d000, 0x14a00000)
   the space 17588K,  93% used [0x09f50000, 0x0af4a5f8, 0x0af4a600, 0x0b07d000)
 Metaspace       used 17050K, capacity 17213K, committed 17408K, reserved 17792K
Event: 8.547 GC heap after
Heap after GC invocations=43 (full 2):
 def new generation   total 8000K, used 832K [0x04a00000, 0x052a0000, 0x09f50000)
  eden space 7168K,   0% used [0x04a00000, 0x04a00000, 0x05100000)
  from space 832K, 100% used [0x051d0000, 0x052a0000, 0x052a0000)
  to   space 832K,   0% used [0x05100000, 0x05100000, 0x051d0000)
 tenured generation   total 17588K, used 16550K [0x09f50000, 0x0b07d000, 0x14a00000)
   the space 17588K,  94% used [0x09f50000, 0x0af79a60, 0x0af79c00, 0x0b07d000)
 Metaspace       used 17050K, capacity 17213K, committed 17408K, reserved 17792K
}
Event: 47.524 GC heap before
{Heap before GC invocations=43 (full 2):
 def new generation   total 8000K, used 8000K [0x04a00000, 0x052a0000, 0x09f50000)
  eden space 7168K, 100% used [0x04a00000, 0x05100000, 0x05100000)
  from space 832K, 100% used [0x051d0000, 0x052a0000, 0x052a0000)
  to   space 832K,   0% used [0x05100000, 0x05100000, 0x051d0000)
 tenured generation   total 17588K, used 16550K [0x09f50000, 0x0b07d000, 0x14a00000)
   the space 17588K,  94% used [0x09f50000, 0x0af79a60, 0x0af79c00, 0x0b07d000)
 Metaspace       used 17805K, capacity 17976K, committed 18176K, reserved 18816K
Event: 47.528 GC heap after
Heap after GC invocations=44 (full 2):
 def new generation   total 8000K, used 831K [0x04a00000, 0x052a0000, 0x09f50000)
  eden space 7168K,   0% used [0x04a00000, 0x04a00000, 0x05100000)
  from space 832K,  99% used [0x05100000, 0x051cfff8, 0x051d0000)
  to   space 832K,   0% used [0x051d0000, 0x051d0000, 0x052a0000)
 tenured generation   total 17588K, used 17352K [0x09f50000, 0x0b07d000, 0x14a00000)
   the space 17588K,  98% used [0x09f50000, 0x0b042398, 0x0b042400, 0x0b07d000)
 Metaspace       used 17805K, capacity 17976K, committed 18176K, reserved 18816K
}

Deoptimization events (0 events):
No events

Internal exceptions (10 events):
Event: 47.565 Thread 0x16814000 Exception <a 'java/security/PrivilegedActionException'> (0x04d8e3f8) thrown at [D:\re\workspace\8-2-build-windows-i586-cygwin\jdk8u20\1074\hotspot\src\share\vm\prims\jvm.cpp, line 1275]
Event: 47.565 Thread 0x16814000 Exception <a 'java/security/PrivilegedActionException'> (0x04d959d0) thrown at [D:\re\workspace\8-2-build-windows-i586-cygwin\jdk8u20\1074\hotspot\src\share\vm\prims\jvm.cpp, line 1275]
Event: 47.565 Thread 0x16814000 Exception <a 'java/security/PrivilegedActionException'> (0x04d9c770) thrown at [D:\re\workspace\8-2-build-windows-i586-cygwin\jdk8u20\1074\hotspot\src\share\vm\prims\jvm.cpp, line 1275]
Event: 47.566 Thread 0x16814000 Exception <a 'java/security/PrivilegedActionException'> (0x04da3d10) thrown at [D:\re\workspace\8-2-build-windows-i586-cygwin\jdk8u20\1074\hotspot\src\share\vm\prims\jvm.cpp, line 1275]
Event: 47.567 Thread 0x16814000 Exception <a 'java/security/PrivilegedActionException'> (0x04dac1e8) thrown at [D:\re\workspace\8-2-build-windows-i586-cygwin\jdk8u20\1074\hotspot\src\share\vm\prims\jvm.cpp, line 1275]
Event: 47.567 Thread 0x16814000 Exception <a 'java/security/PrivilegedActionException'> (0x04db0e60) thrown at [D:\re\workspace\8-2-build-windows-i586-cygwin\jdk8u20\1074\hotspot\src\share\vm\prims\jvm.cpp, line 1275]
Event: 65.939 Thread 0x16813800 Exception <a 'java/security/PrivilegedActionException'> (0x04de24d0) thrown at [D:\re\workspace\8-2-build-windows-i586-cygwin\jdk8u20\1074\hotspot\src\share\vm\prims\jvm.cpp, line 1275]
Event: 65.940 Thread 0x16813800 Exception <a 'java/security/PrivilegedActionException'> (0x04de7100) thrown at [D:\re\workspace\8-2-build-windows-i586-cygwin\jdk8u20\1074\hotspot\src\share\vm\prims\jvm.cpp, line 1275]
Event: 65.940 Thread 0x16813800 Exception <a 'java/security/PrivilegedActionException'> (0x04deeec8) thrown at [D:\re\workspace\8-2-build-windows-i586-cygwin\jdk8u20\1074\hotspot\src\share\vm\prims\jvm.cpp, line 1275]
Event: 125.985 Thread 0x16813800 Exception <a 'java/lang/reflect/InvocationTargetException'> (0x04e038f0) thrown at [D:\re\workspace\8-2-build-windows-i586-cygwin\jdk8u20\1074\hotspot\src\share\vm\runtime\reflection.cpp, line 1079]

Events (10 events):
Event: 130.587 Executing VM operation: RevokeBias
Event: 130.587 Executing VM operation: RevokeBias done
Event: 130.587 Executing VM operation: RevokeBias
Event: 130.587 Executing VM operation: RevokeBias done
Event: 164.972 Thread 0x14eab800 flushing nmethod 0x02872ac8
Event: 164.972 Thread 0x14eab800 flushing nmethod 0x02878ac8
Event: 164.972 Thread 0x14eab800 flushing nmethod 0x02890988
Event: 164.972 Thread 0x14eab800 flushing nmethod 0x028b6c88
Event: 350.019 Executing VM operation: RedefineClasses
Event: 350.026 Executing VM operation: RedefineClasses done


Dynamic libraries:
0x01090000 - 0x010c0000 	C:\Program Files (x86)\Java\jdk1.8.0_20\bin\javaw.exe
0x76f10000 - 0x7709e000 	C:\Windows\SYSTEM32\ntdll.dll
0x76e40000 - 0x76f10000 	C:\Windows\System32\KERNEL32.DLL
0x76ac0000 - 0x76c82000 	C:\Windows\System32\KERNELBASE.dll
0x69cf0000 - 0x69d83000 	C:\Windows\SYSTEM32\apphelp.dll
0x73ba0000 - 0x73c17000 	C:\Windows\System32\ADVAPI32.dll
0x74290000 - 0x7434d000 	C:\Windows\System32\msvcrt.dll
0x74a60000 - 0x74aa1000 	C:\Windows\System32\sechost.dll
0x73c30000 - 0x73cf0000 	C:\Windows\System32\RPCRT4.dll
0x739e0000 - 0x73a00000 	C:\Windows\System32\SspiCli.dll
0x739d0000 - 0x739da000 	C:\Windows\System32\CRYPTBASE.dll
0x74870000 - 0x748c7000 	C:\Windows\System32\bcryptPrimitives.dll
0x73a60000 - 0x73b9c000 	C:\Windows\System32\USER32.dll
0x753b0000 - 0x753c6000 	C:\Windows\System32\win32u.dll
0x75430000 - 0x75451000 	C:\Windows\System32\GDI32.dll
0x74350000 - 0x744a8000 	C:\Windows\System32\gdi32full.dll
0x74ab0000 - 0x74b29000 	C:\Windows\System32\msvcp_win.dll
0x74b30000 - 0x74c48000 	C:\Windows\System32\ucrtbase.dll
0x6d3f0000 - 0x6d5fe000 	C:\Windows\WinSxS\x86_microsoft.windows.common-controls_6595b64144ccf1df_6.0.15063.483_none_6dad63fefc436da8\COMCTL32.dll
0x750d0000 - 0x75308000 	C:\Windows\System32\combase.dll
0x74590000 - 0x745b5000 	C:\Windows\System32\IMM32.DLL
0x5a830000 - 0x5a905000 	C:\Program Files\Diebold\Warsaw\wslbscr32.dll
0x745c0000 - 0x74656000 	C:\Windows\System32\OLEAUT32.dll
0x72e50000 - 0x72e78000 	C:\Windows\SYSTEM32\ntmarta.dll
0x5c510000 - 0x5c5ce000 	C:\Program Files\Diebold\Warsaw\wslbscrwh32.dll
0x69e40000 - 0x69eff000 	C:\Program Files (x86)\Java\jdk1.8.0_20\jre\bin\msvcr100.dll
0x5b150000 - 0x5b4f2000 	C:\Program Files (x86)\Java\jdk1.8.0_20\jre\bin\client\jvm.dll
0x75620000 - 0x75626000 	C:\Windows\System32\PSAPI.DLL
0x6e180000 - 0x6e188000 	C:\Windows\SYSTEM32\WSOCK32.dll
0x6d3c0000 - 0x6d3e4000 	C:\Windows\SYSTEM32\WINMM.dll
0x74800000 - 0x74867000 	C:\Windows\System32\WS2_32.dll
0x6d090000 - 0x6d0b3000 	C:\Windows\SYSTEM32\WINMMBASE.dll
0x755e0000 - 0x75619000 	C:\Windows\System32\cfgmgr32.dll
0x69e30000 - 0x69e3c000 	C:\Program Files (x86)\Java\jdk1.8.0_20\jre\bin\verify.dll
0x69e00000 - 0x69e21000 	C:\Program Files (x86)\Java\jdk1.8.0_20\jre\bin\java.dll
0x5dbd0000 - 0x5dbf9000 	C:\Program Files (x86)\Java\jdk1.8.0_20\jre\bin\jdwp.dll
0x61f50000 - 0x61f57000 	C:\Program Files (x86)\Java\jdk1.8.0_20\jre\bin\npt.dll
0x69de0000 - 0x69df3000 	C:\Program Files (x86)\Java\jdk1.8.0_20\jre\bin\zip.dll
0x75770000 - 0x76ab8000 	C:\Windows\System32\SHELL32.dll
0x744b0000 - 0x7453c000 	C:\Windows\System32\shcore.dll
0x73d00000 - 0x74287000 	C:\Windows\System32\windows.storage.dll
0x753d0000 - 0x75415000 	C:\Windows\System32\shlwapi.dll
0x73c20000 - 0x73c2e000 	C:\Windows\System32\kernel.appcore.dll
0x75720000 - 0x75765000 	C:\Windows\System32\powrprof.dll
0x753a0000 - 0x753b0000 	C:\Windows\System32\profapi.dll
0x5dad0000 - 0x5dad8000 	C:\Program Files (x86)\Java\jdk1.8.0_20\jre\bin\dt_socket.dll
0x72c10000 - 0x72c21000 	C:\Windows\system32\napinsp.dll
0x72bf0000 - 0x72c06000 	C:\Windows\system32\pnrpnsp.dll
0x72bd0000 - 0x72be3000 	C:\Windows\system32\NLAapi.dll
0x72b80000 - 0x72bce000 	C:\Windows\System32\mswsock.dll
0x72b00000 - 0x72b7f000 	C:\Windows\SYSTEM32\DNSAPI.dll
0x75420000 - 0x75427000 	C:\Windows\System32\NSI.dll
0x72ad0000 - 0x72aff000 	C:\Windows\SYSTEM32\IPHLPAPI.DLL
0x72ac0000 - 0x72acb000 	C:\Windows\System32\winrnr.dll
0x72ab0000 - 0x72ac0000 	C:\Windows\System32\wshbth.dll
0x72a60000 - 0x72aaa000 	C:\Windows\System32\fwpuclnt.dll
0x733f0000 - 0x73408000 	C:\Windows\SYSTEM32\bcrypt.dll
0x72a50000 - 0x72a58000 	C:\Windows\System32\rasadhlp.dll
0x5dac0000 - 0x5daca000 	C:\Program Files (x86)\Java\jdk1.8.0_20\jre\bin\management.dll
0x69dc0000 - 0x69dd4000 	C:\Program Files (x86)\Java\jdk1.8.0_20\jre\bin\net.dll
0x69db0000 - 0x69dbf000 	C:\Program Files (x86)\Java\jdk1.8.0_20\jre\bin\nio.dll
0x73060000 - 0x73073000 	C:\Windows\SYSTEM32\CRYPTSP.dll
0x73030000 - 0x7305f000 	C:\Windows\system32\rsaenh.dll
0x73910000 - 0x73932000 	C:\Windows\SYSTEM32\USERENV.dll
0x72a30000 - 0x72a43000 	C:\Windows\SYSTEM32\dhcpcsvc6.DLL
0x72a10000 - 0x72a24000 	C:\Windows\SYSTEM32\dhcpcsvc.DLL
0x6d6c0000 - 0x6d81d000 	C:\Windows\SYSTEM32\dbghelp.dll

VM Arguments:
jvm_args: -agentlib:jdwp=transport=dt_socket,suspend=y,address=localhost:51428 -Dcom.sun.management.jmxremote -Dcom.sun.management.jmxremote.port=51427 -Dcom.sun.management.jmxremote.authenticate=false -Dcom.sun.management.jmxremote.ssl=false -Djava.rmi.server.hostname=localhost -Dspring.application.admin.enabled=true -Xverify:none -XX:TieredStopAtLevel=1 -Dfile.encoding=UTF-8 
java_command: com.robo.api.RoboApplication --spring.output.ansi.enabled=always
java_class_path (initial): D:\workspace_neon\robo\target\classes;C:\Users\otavio.remedio\.m2\repository\org\springframework\boot\spring-boot-starter-web\1.5.10.RELEASE\spring-boot-starter-web-1.5.10.RELEASE.jar;C:\Users\otavio.remedio\.m2\repository\org\springframework\boot\spring-boot-starter\1.5.10.RELEASE\spring-boot-starter-1.5.10.RELEASE.jar;C:\Users\otavio.remedio\.m2\repository\org\springframework\boot\spring-boot\1.5.10.RELEASE\spring-boot-1.5.10.RELEASE.jar;C:\Users\otavio.remedio\.m2\repository\org\springframework\boot\spring-boot-autoconfigure\1.5.10.RELEASE\spring-boot-autoconfigure-1.5.10.RELEASE.jar;C:\Users\otavio.remedio\.m2\repository\org\springframework\boot\spring-boot-starter-logging\1.5.10.RELEASE\spring-boot-starter-logging-1.5.10.RELEASE.jar;C:\Users\otavio.remedio\.m2\repository\ch\qos\logback\logback-classic\1.1.11\logback-classic-1.1.11.jar;C:\Users\otavio.remedio\.m2\repository\ch\qos\logback\logback-core\1.1.11\logback-core-1.1.11.jar;C:\Users\otavio.remedio\.m2\repository\org\slf4j\jcl-over-slf4j\1.7.25\jcl-over-slf4j-1.7.25.jar;C:\Users\otavio.remedio\.m2\repository\org\slf4j\jul-to-slf4j\1.7.25\jul-to-slf4j-1.7.25.jar;C:\Users\otavio.remedio\.m2\repository\org\slf4j\log4j-over-slf4j\1.7.25\log4j-over-slf4j-1.7.25.jar;C:\Users\otavio.remedio\.m2\repository\org\yaml\snakeyaml\1.17\snakeyaml-1.17.jar;C:\Users\otavio.remedio\.m2\repository\org\springframework\boot\spring-boot-starter-tomcat\1.5.10.RELEASE\spring-boot-starter-tomcat-1.5.10.RELEASE.jar;C:\Users\otavio.remedio\.m2\repository\org\apache\tomcat\embed\tomcat-embed-core\8.5.27\tomcat-embed-core-8.5.27.jar;C:\Users\otavio.remedio\.m2\repository\org\apache\tomcat\tomcat-annotations-api\8.5.27\tomcat-annotations-api-8.5.27.jar;C:\Users\otavio.remedio\.m2\repository\org\apache\tomcat\embed\tomcat-embed-el\8.5.27\tomcat-embed-el-8.5.27.jar;C:\Users\otavio.remedio\.m2\repository\org\apache\tomcat\embed\tomcat-embed-websocket\8.5.27\tomcat-embed-websocket-8.5.27.jar;C:\Users\otavio.re
Launcher Type: SUN_STANDARD

Environment Variables:
JAVA_HOME=C:\Program Files (x86)\Java\jdk1.7.0_55
PATH=C:\Program Files (x86)\Java\jdk1.8.0_20\jre\bin;C:\app\otavio.remedio\product\11.2.0\client_1;C:\Program Files (x86)\Intel\iCLS Client\;C:\Program Files\Intel\iCLS Client\;C:\ProgramData\Oracle\Java\javapath;C:\app\product\11.2.0\client_1\bin;C:\Windows\system32;C:\Windows;C:\Windows\System32\Wbem;C:\Windows\System32\WindowsPowerShell\v1.0\;C:\Program Files (x86)\Intel\Intel(R) Management Engine Components\DAL;C:\Program Files\Intel\Intel(R) Management Engine Components\DAL;C:\Program Files (x86)\Intel\Intel(R) Management Engine Components\IPT;C:\Program Files\Intel\Intel(R) Management Engine Components\IPT;C:\Program Files\Git\cmd;C:\Program Files (x86)\Skype\Phone\;C:\Program Files (x86)\Java\jdk1.7.0_55\bin;D:\apache-maven-3.2.5\bin;C:\Program Files\nodejs\;C:\Program Files\PuTTY\;C:\Users\otavio.remedio\AppData\Local\Microsoft\WindowsApps;C:\Users\otavio.remedio\AppData\Roaming\npm
USERNAME=otavio.remedio
OS=Windows_NT
PROCESSOR_IDENTIFIER=Intel64 Family 6 Model 158 Stepping 9, GenuineIntel



---------------  S Y S T E M  ---------------

OS: Windows 8.1 , 64 bit Build 9600 

CPU:total 8 (4 cores per cpu, 2 threads per core) family 6 model 158 stepping 9, cmov, cx8, fxsr, mmx, sse, sse2, sse3, ssse3, sse4.1, sse4.2, popcnt, avx, avx2, aes, clmul, erms, rtm, lzcnt, ht, tsc, tscinvbit, bmi1, bmi2

Memory: 4k page, physical 16658252k(9565464k free), swap 20721484k(12423280k free)

vm_info: Java HotSpot(TM) Client VM (25.20-b23) for windows-x86 JRE (1.8.0_20-b26), built on Jul 30 2014 18:14:41 by "java_re" with MS VC++ 10.0 (VS2010)

time: Thu Feb 15 10:07:24 2018
elapsed time: 350 seconds (0d 0h 5m 50s)

