#
# A fatal error has been detected by the Java Runtime Environment:
#
#  EXCEPTION_ACCESS_VIOLATION (0xc0000005) at pc=0x5b20fb3d, pid=31288, tid=26860
#
# JRE version: Java(TM) SE Runtime Environment (8.0_20-b26) (build 1.8.0_20-b26)
# Java VM: Java HotSpot(TM) Client VM (25.20-b23 mixed mode windows-x86 )
# Problematic frame:
# V  [jvm.dll+0xbfb3d]
#
# Failed to write core dump. Minidumps are not enabled by default on client versions of Windows
#
# If you would like to submit a bug report, please visit:
#   http://bugreport.sun.com/bugreport/crash.jsp
#

---------------  T H R E A D  ---------------

Current thread (0x153db800):  JavaThread "JDWP Transport Listener: dt_socket" daemon [_thread_in_vm, id=26860, stack(0x15820000,0x15870000)]

siginfo: ExceptionCode=0xc0000005, reading address 0x616c2f61

Registers:
EAX=0x616c2f61, EBX=0x00000000, ECX=0x616c2f61, EDX=0x00000000
ESP=0x1586f708, EBP=0x1586f70c, ESI=0x153db800, EDI=0x02aca4c8
EIP=0x5b20fb3d, EFLAGS=0x00010202

Top of Stack: (sp=0x1586f708)
0x1586f708:   153db800 1586f734 5b365d64 616c2f61
0x1586f718:   1586f7ec 1586f76f 153db800 00000000
0x1586f728:   00000000 00000000 153db800 1586f770
0x1586f738:   5dbe9f7b 02aca4c8 616c2f61 1586f76f
0x1586f748:   616c2f61 5dbd436d 616c2f61 1586f76f
0x1586f758:   00000001 00000000 00000000 00000001
0x1586f768:   00000000 00c55858 1586f790 5dbd44e0
0x1586f778:   00000001 1586f7ac 1586f7e8 16cf4ba8 

Instructions: (pc=0x5b20fb3d)
0x5b20fb1d:   5d c3 52 e8 bb f7 ff ff 5d c3 cc cc cc cc cc cc
0x5b20fb2d:   cc cc cc 55 8b ec 8b 45 08 85 c0 75 02 5d c3 56
0x5b20fb3d:   8b 30 85 f6 74 17 83 fe 37 74 12 8b 06 8b 50 08
0x5b20fb4d:   8b ce ff d2 84 c0 74 05 8b c6 5e 5d c3 33 c0 5e 


Register to memory mapping:

EAX=0x616c2f61 is an unknown value
EBX=0x00000000 is an unknown value
ECX=0x616c2f61 is an unknown value
EDX=0x00000000 is an unknown value
ESP=0x1586f708 is pointing into the stack for thread: 0x153db800
EBP=0x1586f70c is pointing into the stack for thread: 0x153db800
ESI=0x153db800 is a thread
EDI=0x02aca4c8 is an unknown value


Stack: [0x15820000,0x15870000],  sp=0x1586f708,  free space=317k
Native frames: (J=compiled Java code, j=interpreted, Vv=VM code, C=native code)
V  [jvm.dll+0xbfb3d]
V  [jvm.dll+0x215d64]
C  [jdwp.dll+0x19f7b]
C  [jdwp.dll+0x44e0]
C  [jdwp.dll+0x451e]
C  0x00003001


---------------  P R O C E S S  ---------------

Java Threads: ( => current thread )
  0x17f95400 JavaThread "DestroyJavaVM" [_thread_blocked, id=28936, stack(0x02ba0000,0x02bf0000)]
  0x17f98c00 JavaThread "http-nio-8080-AsyncTimeout" daemon [_thread_blocked, id=24428, stack(0x19140000,0x19190000)]
  0x16d6cc00 JavaThread "http-nio-8080-Acceptor-0" daemon [_thread_in_native, id=3056, stack(0x190b0000,0x19100000)]
  0x16d6bc00 JavaThread "http-nio-8080-ClientPoller-1" daemon [_thread_in_native, id=7848, stack(0x19020000,0x19070000)]
  0x16d6b000 JavaThread "http-nio-8080-ClientPoller-0" daemon [_thread_in_native, id=10548, stack(0x18f90000,0x18fe0000)]
  0x16d6d000 JavaThread "http-nio-8080-exec-10" daemon [_thread_blocked, id=14240, stack(0x17f30000,0x17f80000)]
  0x16d6b800 JavaThread "http-nio-8080-exec-9" daemon [_thread_blocked, id=38324, stack(0x17ea0000,0x17ef0000)]
  0x16d6ac00 JavaThread "http-nio-8080-exec-8" daemon [_thread_blocked, id=30668, stack(0x17e10000,0x17e60000)]
  0x16d6d800 JavaThread "http-nio-8080-exec-7" daemon [_thread_blocked, id=19412, stack(0x17d80000,0x17dd0000)]
  0x16d6e400 JavaThread "http-nio-8080-exec-6" daemon [_thread_blocked, id=15804, stack(0x17cf0000,0x17d40000)]
  0x16d6dc00 JavaThread "http-nio-8080-exec-5" daemon [_thread_blocked, id=26464, stack(0x17c60000,0x17cb0000)]
  0x16d6c400 JavaThread "http-nio-8080-exec-4" daemon [_thread_blocked, id=32788, stack(0x17bd0000,0x17c20000)]
  0x16d6a400 JavaThread "http-nio-8080-exec-3" daemon [_thread_blocked, id=4752, stack(0x17b40000,0x17b90000)]
  0x16d6a000 JavaThread "http-nio-8080-exec-2" daemon [_thread_blocked, id=19000, stack(0x17ab0000,0x17b00000)]
  0x16d69800 JavaThread "http-nio-8080-exec-1" daemon [_thread_blocked, id=30140, stack(0x17a20000,0x17a70000)]
  0x16b28400 JavaThread "NioBlockingSelector.BlockPoller-1" daemon [_thread_in_native, id=38360, stack(0x17990000,0x179e0000)]
  0x16c8e400 JavaThread "container-0" [_thread_blocked, id=27252, stack(0x17700000,0x17750000)]
  0x15c2f800 JavaThread "ContainerBackgroundProcessor[StandardEngine[Tomcat]]" daemon [_thread_blocked, id=20080, stack(0x17670000,0x176c0000)]
  0x15c32400 JavaThread "RMI TCP Accept-0" daemon [_thread_in_native, id=11100, stack(0x16110000,0x16160000)]
  0x15c2a400 JavaThread "RMI TCP Accept-54581" daemon [_thread_in_native, id=4224, stack(0x15f80000,0x15fd0000)]
  0x15c20800 JavaThread "RMI TCP Accept-0" daemon [_thread_in_native, id=16168, stack(0x15ef0000,0x15f40000)]
  0x153f1000 JavaThread "Service Thread" daemon [_thread_blocked, id=21448, stack(0x15a60000,0x15ab0000)]
  0x153ea800 JavaThread "C1 CompilerThread0" daemon [_thread_blocked, id=23124, stack(0x159d0000,0x15a20000)]
  0x153e3000 JavaThread "JDWP Command Reader" daemon [_thread_in_native, id=38116, stack(0x15940000,0x15990000)]
  0x153de400 JavaThread "JDWP Event Helper Thread" daemon [_thread_blocked, id=14852, stack(0x158b0000,0x15900000)]
=>0x153db800 JavaThread "JDWP Transport Listener: dt_socket" daemon [_thread_in_vm, id=26860, stack(0x15820000,0x15870000)]
  0x153cf000 JavaThread "Attach Listener" daemon [_thread_blocked, id=24664, stack(0x15790000,0x157e0000)]
  0x153cd000 JavaThread "Signal Dispatcher" daemon [_thread_blocked, id=23500, stack(0x15700000,0x15750000)]
  0x153a7c00 JavaThread "Finalizer" daemon [_thread_blocked, id=18184, stack(0x15670000,0x156c0000)]
  0x153a2400 JavaThread "Reference Handler" daemon [_thread_blocked, id=21624, stack(0x155e0000,0x15630000)]

Other Threads:
  0x02dbd400 VMThread [stack: 0x15350000,0x153a0000] [id=38112]
  0x15c34000 WatcherThread [stack: 0x161a0000,0x161f0000] [id=15560]

VM state:not at safepoint (normal execution)

VM Mutex/Monitor currently owned by a thread: None

Heap:
 def new generation   total 8064K, used 3254K [0x04e00000, 0x056b0000, 0x0a350000)
  eden space 7232K,  33% used [0x04e00000, 0x0505da18, 0x05510000)
  from space 832K, 100% used [0x05510000, 0x055e0000, 0x055e0000)
  to   space 832K,   0% used [0x055e0000, 0x055e0000, 0x056b0000)
 tenured generation   total 17772K, used 17555K [0x0a350000, 0x0b4ab000, 0x14e00000)
   the space 17772K,  98% used [0x0a350000, 0x0b474ee8, 0x0b475000, 0x0b4ab000)
 Metaspace       used 18176K, capacity 18360K, committed 18560K, reserved 18816K

Card table byte_map: [0x14e00000,0x14e90000] byte_map_base: 0x14dd9000

Polling page: 0x02ab0000

CodeCache: size=32768Kb used=3244Kb max_used=3244Kb free=29523Kb
 bounds [0x02dc0000, 0x030f0000, 0x04dc0000]
 total_blobs=1758 nmethods=1575 adapters=122
 compilation: enabled

Compilation events (10 events):
Event: 750.452 Thread 0x153ea800 1603             org.apache.tomcat.util.net.NioEndpoint::access$300 (5 bytes)
Event: 750.452 Thread 0x153ea800 nmethod 1603 0x030eaa88 code [0x030eab80, 0x030eac00]
Event: 761.454 Thread 0x153ea800 1605             java.util.concurrent.atomic.AtomicInteger::set (6 bytes)
Event: 761.455 Thread 0x153ea800 nmethod 1605 0x030eaf48 code [0x030eb040, 0x030eb0c0]
Event: 761.457 Thread 0x153ea800 1606             sun.nio.ch.SelectorImpl::keys (28 bytes)
Event: 761.457 Thread 0x153ea800 nmethod 1606 0x030eb108 code [0x030eb220, 0x030eb338]
Event: 776.460 Thread 0x153ea800 1607             sun.misc.Unsafe::getAndSetLong (24 bytes)
Event: 776.461 Thread 0x153ea800 nmethod 1607 0x030eb448 code [0x030eb540, 0x030eb640]
Event: 928.407 Thread 0x153ea800 1608             java.util.concurrent.ConcurrentHashMap$BaseIterator::hasNext (13 bytes)
Event: 928.407 Thread 0x153ea800 nmethod 1608 0x030eb6c8 code [0x030eb7c0, 0x030eb850]

GC Heap History (10 events):
Event: 1.933 GC heap before
{Heap before GC invocations=39 (full 2):
 def new generation   total 8064K, used 7885K [0x04e00000, 0x056b0000, 0x0a350000)
  eden space 7232K, 100% used [0x04e00000, 0x05510000, 0x05510000)
  from space 832K,  78% used [0x055e0000, 0x05683530, 0x056b0000)
  to   space 832K,   0% used [0x05510000, 0x05510000, 0x055e0000)
 tenured generation   total 17772K, used 14987K [0x0a350000, 0x0b4ab000, 0x14e00000)
   the space 17772K,  84% used [0x0a350000, 0x0b1f2ed8, 0x0b1f3000, 0x0b4ab000)
 Metaspace       used 16309K, capacity 16464K, committed 16640K, reserved 16768K
Event: 1.935 GC heap after
Heap after GC invocations=40 (full 2):
 def new generation   total 8064K, used 437K [0x04e00000, 0x056b0000, 0x0a350000)
  eden space 7232K,   0% used [0x04e00000, 0x04e00000, 0x05510000)
  from space 832K,  52% used [0x05510000, 0x0557d7a0, 0x055e0000)
  to   space 832K,   0% used [0x055e0000, 0x055e0000, 0x056b0000)
 tenured generation   total 17772K, used 15458K [0x0a350000, 0x0b4ab000, 0x14e00000)
   the space 17772K,  86% used [0x0a350000, 0x0b268950, 0x0b268a00, 0x0b4ab000)
 Metaspace       used 16309K, capacity 16464K, committed 16640K, reserved 16768K
}
Event: 1.989 GC heap before
{Heap before GC invocations=40 (full 2):
 def new generation   total 8064K, used 7669K [0x04e00000, 0x056b0000, 0x0a350000)
  eden space 7232K, 100% used [0x04e00000, 0x05510000, 0x05510000)
  from space 832K,  52% used [0x05510000, 0x0557d7a0, 0x055e0000)
  to   space 832K,   0% used [0x055e0000, 0x055e0000, 0x056b0000)
 tenured generation   total 17772K, used 15458K [0x0a350000, 0x0b4ab000, 0x14e00000)
   the space 17772K,  86% used [0x0a350000, 0x0b268950, 0x0b268a00, 0x0b4ab000)
 Metaspace       used 16416K, capacity 16592K, committed 16768K, reserved 16768K
Event: 1.991 GC heap after
Heap after GC invocations=41 (full 2):
 def new generation   total 8064K, used 616K [0x04e00000, 0x056b0000, 0x0a350000)
  eden space 7232K,   0% used [0x04e00000, 0x04e00000, 0x05510000)
  from space 832K,  74% used [0x055e0000, 0x0567a098, 0x056b0000)
  to   space 832K,   0% used [0x05510000, 0x05510000, 0x055e0000)
 tenured generation   total 17772K, used 15828K [0x0a350000, 0x0b4ab000, 0x14e00000)
   the space 17772K,  89% used [0x0a350000, 0x0b2c5020, 0x0b2c5200, 0x0b4ab000)
 Metaspace       used 16416K, capacity 16592K, committed 16768K, reserved 16768K
}
Event: 2.061 GC heap before
{Heap before GC invocations=41 (full 2):
 def new generation   total 8064K, used 7848K [0x04e00000, 0x056b0000, 0x0a350000)
  eden space 7232K, 100% used [0x04e00000, 0x05510000, 0x05510000)
  from space 832K,  74% used [0x055e0000, 0x0567a098, 0x056b0000)
  to   space 832K,   0% used [0x05510000, 0x05510000, 0x055e0000)
 tenured generation   total 17772K, used 15828K [0x0a350000, 0x0b4ab000, 0x14e00000)
   the space 17772K,  89% used [0x0a350000, 0x0b2c5020, 0x0b2c5200, 0x0b4ab000)
 Metaspace       used 16421K, capacity 16597K, committed 16768K, reserved 16768K
Event: 2.063 GC heap after
Heap after GC invocations=42 (full 2):
 def new generation   total 8064K, used 46K [0x04e00000, 0x056b0000, 0x0a350000)
  eden space 7232K,   0% used [0x04e00000, 0x04e00000, 0x05510000)
  from space 832K,   5% used [0x05510000, 0x0551bae8, 0x055e0000)
  to   space 832K,   0% used [0x055e0000, 0x055e0000, 0x056b0000)
 tenured generation   total 17772K, used 16328K [0x0a350000, 0x0b4ab000, 0x14e00000)
   the space 17772K,  91% used [0x0a350000, 0x0b342328, 0x0b342400, 0x0b4ab000)
 Metaspace       used 16421K, capacity 16597K, committed 16768K, reserved 16768K
}
Event: 8.972 GC heap before
{Heap before GC invocations=42 (full 2):
 def new generation   total 8064K, used 7278K [0x04e00000, 0x056b0000, 0x0a350000)
  eden space 7232K, 100% used [0x04e00000, 0x05510000, 0x05510000)
  from space 832K,   5% used [0x05510000, 0x0551bae8, 0x055e0000)
  to   space 832K,   0% used [0x055e0000, 0x055e0000, 0x056b0000)
 tenured generation   total 17772K, used 16328K [0x0a350000, 0x0b4ab000, 0x14e00000)
   the space 17772K,  91% used [0x0a350000, 0x0b342328, 0x0b342400, 0x0b4ab000)
 Metaspace       used 17134K, capacity 17309K, committed 17408K, reserved 17792K
Event: 8.976 GC heap after
Heap after GC invocations=43 (full 2):
 def new generation   total 8064K, used 832K [0x04e00000, 0x056b0000, 0x0a350000)
  eden space 7232K,   0% used [0x04e00000, 0x04e00000, 0x05510000)
  from space 832K, 100% used [0x055e0000, 0x056b0000, 0x056b0000)
  to   space 832K,   0% used [0x05510000, 0x05510000, 0x055e0000)
 tenured generation   total 17772K, used 16695K [0x0a350000, 0x0b4ab000, 0x14e00000)
   the space 17772K,  93% used [0x0a350000, 0x0b39dc38, 0x0b39de00, 0x0b4ab000)
 Metaspace       used 17134K, capacity 17309K, committed 17408K, reserved 17792K
}
Event: 70.187 GC heap before
{Heap before GC invocations=43 (full 2):
 def new generation   total 8064K, used 8064K [0x04e00000, 0x056b0000, 0x0a350000)
  eden space 7232K, 100% used [0x04e00000, 0x05510000, 0x05510000)
  from space 832K, 100% used [0x055e0000, 0x056b0000, 0x056b0000)
  to   space 832K,   0% used [0x05510000, 0x05510000, 0x055e0000)
 tenured generation   total 17772K, used 16695K [0x0a350000, 0x0b4ab000, 0x14e00000)
   the space 17772K,  93% used [0x0a350000, 0x0b39dc38, 0x0b39de00, 0x0b4ab000)
 Metaspace       used 17946K, capacity 18104K, committed 18304K, reserved 18816K
Event: 70.191 GC heap after
Heap after GC invocations=44 (full 2):
 def new generation   total 8064K, used 832K [0x04e00000, 0x056b0000, 0x0a350000)
  eden space 7232K,   0% used [0x04e00000, 0x04e00000, 0x05510000)
  from space 832K, 100% used [0x05510000, 0x055e0000, 0x055e0000)
  to   space 832K,   0% used [0x055e0000, 0x055e0000, 0x056b0000)
 tenured generation   total 17772K, used 17555K [0x0a350000, 0x0b4ab000, 0x14e00000)
   the space 17772K,  98% used [0x0a350000, 0x0b474ee8, 0x0b475000, 0x0b4ab000)
 Metaspace       used 17946K, capacity 18104K, committed 18304K, reserved 18816K
}

Deoptimization events (0 events):
No events

Internal exceptions (10 events):
Event: 70.209 Thread 0x16d69800 Exception <a 'java/lang/ArrayIndexOutOfBoundsException'> (0x04f92070) thrown at [D:\re\workspace\8-2-build-windows-i586-cygwin\jdk8u20\1074\hotspot\src\share\vm\runtime\sharedRuntime.cpp, line 604]
Event: 70.209 Thread 0x16d69800 Exception <a 'java/security/PrivilegedActionException'> (0x04f940a0) thrown at [D:\re\workspace\8-2-build-windows-i586-cygwin\jdk8u20\1074\hotspot\src\share\vm\prims\jvm.cpp, line 1275]
Event: 70.209 Thread 0x16d69800 Exception <a 'java/security/PrivilegedActionException'> (0x04fa0258) thrown at [D:\re\workspace\8-2-build-windows-i586-cygwin\jdk8u20\1074\hotspot\src\share\vm\prims\jvm.cpp, line 1275]
Event: 70.210 Thread 0x16d69800 Exception <a 'java/security/PrivilegedActionException'> (0x04fac528) thrown at [D:\re\workspace\8-2-build-windows-i586-cygwin\jdk8u20\1074\hotspot\src\share\vm\prims\jvm.cpp, line 1275]
Event: 70.210 Thread 0x16d69800 Exception <a 'java/security/PrivilegedActionException'> (0x04fb2a70) thrown at [D:\re\workspace\8-2-build-windows-i586-cygwin\jdk8u20\1074\hotspot\src\share\vm\prims\jvm.cpp, line 1275]
Event: 70.211 Thread 0x16d69800 Exception <a 'java/security/PrivilegedActionException'> (0x04fc23c0) thrown at [D:\re\workspace\8-2-build-windows-i586-cygwin\jdk8u20\1074\hotspot\src\share\vm\prims\jvm.cpp, line 1275]
Event: 70.212 Thread 0x16d69800 Exception <a 'java/security/PrivilegedActionException'> (0x04fca990) thrown at [D:\re\workspace\8-2-build-windows-i586-cygwin\jdk8u20\1074\hotspot\src\share\vm\prims\jvm.cpp, line 1275]
Event: 70.212 Thread 0x16d69800 Exception <a 'java/security/PrivilegedActionException'> (0x04fcfa18) thrown at [D:\re\workspace\8-2-build-windows-i586-cygwin\jdk8u20\1074\hotspot\src\share\vm\prims\jvm.cpp, line 1275]
Event: 70.212 Thread 0x16d69800 Exception <a 'java/security/PrivilegedActionException'> (0x04fd5ef0) thrown at [D:\re\workspace\8-2-build-windows-i586-cygwin\jdk8u20\1074\hotspot\src\share\vm\prims\jvm.cpp, line 1275]
Event: 70.213 Thread 0x16d69800 Exception <a 'java/security/PrivilegedActionException'> (0x04fde3e0) thrown at [D:\re\workspace\8-2-build-windows-i586-cygwin\jdk8u20\1074\hotspot\src\share\vm\prims\jvm.cpp, line 1275]

Events (10 events):
Event: 130.234 loading class java/net/SocketTimeoutException
Event: 130.234 loading class java/io/InterruptedIOException
Event: 130.234 loading class java/io/InterruptedIOException done
Event: 130.234 loading class java/net/SocketTimeoutException done
Event: 256.277 Thread 0x153ea800 flushing nmethod 0x02e62ac8
Event: 256.277 Thread 0x153ea800 flushing nmethod 0x02e68ac8
Event: 256.277 Thread 0x153ea800 flushing nmethod 0x02e80988
Event: 256.277 Thread 0x153ea800 flushing nmethod 0x02ea6c88
Event: 967.577 Executing VM operation: RedefineClasses
Event: 967.584 Executing VM operation: RedefineClasses done


Dynamic libraries:
0x01090000 - 0x010c0000 	C:\Program Files (x86)\Java\jdk1.8.0_20\bin\javaw.exe
0x76f10000 - 0x7709e000 	C:\Windows\SYSTEM32\ntdll.dll
0x76e40000 - 0x76f10000 	C:\Windows\System32\KERNEL32.DLL
0x76ac0000 - 0x76c82000 	C:\Windows\System32\KERNELBASE.dll
0x69cf0000 - 0x69d83000 	C:\Windows\SYSTEM32\apphelp.dll
0x73ba0000 - 0x73c17000 	C:\Windows\System32\ADVAPI32.dll
0x74290000 - 0x7434d000 	C:\Windows\System32\msvcrt.dll
0x74a60000 - 0x74aa1000 	C:\Windows\System32\sechost.dll
0x73c30000 - 0x73cf0000 	C:\Windows\System32\RPCRT4.dll
0x739e0000 - 0x73a00000 	C:\Windows\System32\SspiCli.dll
0x739d0000 - 0x739da000 	C:\Windows\System32\CRYPTBASE.dll
0x74870000 - 0x748c7000 	C:\Windows\System32\bcryptPrimitives.dll
0x73a60000 - 0x73b9c000 	C:\Windows\System32\USER32.dll
0x753b0000 - 0x753c6000 	C:\Windows\System32\win32u.dll
0x75430000 - 0x75451000 	C:\Windows\System32\GDI32.dll
0x74350000 - 0x744a8000 	C:\Windows\System32\gdi32full.dll
0x74ab0000 - 0x74b29000 	C:\Windows\System32\msvcp_win.dll
0x74b30000 - 0x74c48000 	C:\Windows\System32\ucrtbase.dll
0x6d3f0000 - 0x6d5fe000 	C:\Windows\WinSxS\x86_microsoft.windows.common-controls_6595b64144ccf1df_6.0.15063.483_none_6dad63fefc436da8\COMCTL32.dll
0x750d0000 - 0x75308000 	C:\Windows\System32\combase.dll
0x74590000 - 0x745b5000 	C:\Windows\System32\IMM32.DLL
0x5a830000 - 0x5a905000 	C:\Program Files\Diebold\Warsaw\wslbscr32.dll
0x745c0000 - 0x74656000 	C:\Windows\System32\OLEAUT32.dll
0x72e50000 - 0x72e78000 	C:\Windows\SYSTEM32\ntmarta.dll
0x5c510000 - 0x5c5ce000 	C:\Program Files\Diebold\Warsaw\wslbscrwh32.dll
0x69e40000 - 0x69eff000 	C:\Program Files (x86)\Java\jdk1.8.0_20\jre\bin\msvcr100.dll
0x5b150000 - 0x5b4f2000 	C:\Program Files (x86)\Java\jdk1.8.0_20\jre\bin\client\jvm.dll
0x75620000 - 0x75626000 	C:\Windows\System32\PSAPI.DLL
0x6e180000 - 0x6e188000 	C:\Windows\SYSTEM32\WSOCK32.dll
0x6d3c0000 - 0x6d3e4000 	C:\Windows\SYSTEM32\WINMM.dll
0x74800000 - 0x74867000 	C:\Windows\System32\WS2_32.dll
0x6d090000 - 0x6d0b3000 	C:\Windows\SYSTEM32\WINMMBASE.dll
0x755e0000 - 0x75619000 	C:\Windows\System32\cfgmgr32.dll
0x69e30000 - 0x69e3c000 	C:\Program Files (x86)\Java\jdk1.8.0_20\jre\bin\verify.dll
0x69e00000 - 0x69e21000 	C:\Program Files (x86)\Java\jdk1.8.0_20\jre\bin\java.dll
0x5dbd0000 - 0x5dbf9000 	C:\Program Files (x86)\Java\jdk1.8.0_20\jre\bin\jdwp.dll
0x61f50000 - 0x61f57000 	C:\Program Files (x86)\Java\jdk1.8.0_20\jre\bin\npt.dll
0x69de0000 - 0x69df3000 	C:\Program Files (x86)\Java\jdk1.8.0_20\jre\bin\zip.dll
0x75770000 - 0x76ab8000 	C:\Windows\System32\SHELL32.dll
0x744b0000 - 0x7453c000 	C:\Windows\System32\shcore.dll
0x73d00000 - 0x74287000 	C:\Windows\System32\windows.storage.dll
0x753d0000 - 0x75415000 	C:\Windows\System32\shlwapi.dll
0x73c20000 - 0x73c2e000 	C:\Windows\System32\kernel.appcore.dll
0x75720000 - 0x75765000 	C:\Windows\System32\powrprof.dll
0x753a0000 - 0x753b0000 	C:\Windows\System32\profapi.dll
0x5dad0000 - 0x5dad8000 	C:\Program Files (x86)\Java\jdk1.8.0_20\jre\bin\dt_socket.dll
0x72c10000 - 0x72c21000 	C:\Windows\system32\napinsp.dll
0x72bf0000 - 0x72c06000 	C:\Windows\system32\pnrpnsp.dll
0x72bd0000 - 0x72be3000 	C:\Windows\system32\NLAapi.dll
0x72b80000 - 0x72bce000 	C:\Windows\System32\mswsock.dll
0x72b00000 - 0x72b7f000 	C:\Windows\SYSTEM32\DNSAPI.dll
0x75420000 - 0x75427000 	C:\Windows\System32\NSI.dll
0x72ad0000 - 0x72aff000 	C:\Windows\SYSTEM32\IPHLPAPI.DLL
0x72ac0000 - 0x72acb000 	C:\Windows\System32\winrnr.dll
0x72ab0000 - 0x72ac0000 	C:\Windows\System32\wshbth.dll
0x72a60000 - 0x72aaa000 	C:\Windows\System32\fwpuclnt.dll
0x733f0000 - 0x73408000 	C:\Windows\SYSTEM32\bcrypt.dll
0x72a50000 - 0x72a58000 	C:\Windows\System32\rasadhlp.dll
0x5dac0000 - 0x5daca000 	C:\Program Files (x86)\Java\jdk1.8.0_20\jre\bin\management.dll
0x69dc0000 - 0x69dd4000 	C:\Program Files (x86)\Java\jdk1.8.0_20\jre\bin\net.dll
0x69db0000 - 0x69dbf000 	C:\Program Files (x86)\Java\jdk1.8.0_20\jre\bin\nio.dll
0x73060000 - 0x73073000 	C:\Windows\SYSTEM32\CRYPTSP.dll
0x73030000 - 0x7305f000 	C:\Windows\system32\rsaenh.dll
0x73910000 - 0x73932000 	C:\Windows\SYSTEM32\USERENV.dll
0x72a30000 - 0x72a43000 	C:\Windows\SYSTEM32\dhcpcsvc6.DLL
0x72a10000 - 0x72a24000 	C:\Windows\SYSTEM32\dhcpcsvc.DLL
0x6d6c0000 - 0x6d81d000 	C:\Windows\SYSTEM32\dbghelp.dll

VM Arguments:
jvm_args: -agentlib:jdwp=transport=dt_socket,suspend=y,address=localhost:54582 -Dcom.sun.management.jmxremote -Dcom.sun.management.jmxremote.port=54581 -Dcom.sun.management.jmxremote.authenticate=false -Dcom.sun.management.jmxremote.ssl=false -Djava.rmi.server.hostname=localhost -Dspring.application.admin.enabled=true -Xverify:none -XX:TieredStopAtLevel=1 -Dfile.encoding=UTF-8 
java_command: com.robo.api.RoboApplication --spring.output.ansi.enabled=always
java_class_path (initial): D:\workspace_neon\robo\target\classes;C:\Users\otavio.remedio\.m2\repository\org\springframework\boot\spring-boot-starter-web\1.5.10.RELEASE\spring-boot-starter-web-1.5.10.RELEASE.jar;C:\Users\otavio.remedio\.m2\repository\org\springframework\boot\spring-boot-starter\1.5.10.RELEASE\spring-boot-starter-1.5.10.RELEASE.jar;C:\Users\otavio.remedio\.m2\repository\org\springframework\boot\spring-boot\1.5.10.RELEASE\spring-boot-1.5.10.RELEASE.jar;C:\Users\otavio.remedio\.m2\repository\org\springframework\boot\spring-boot-autoconfigure\1.5.10.RELEASE\spring-boot-autoconfigure-1.5.10.RELEASE.jar;C:\Users\otavio.remedio\.m2\repository\org\springframework\boot\spring-boot-starter-logging\1.5.10.RELEASE\spring-boot-starter-logging-1.5.10.RELEASE.jar;C:\Users\otavio.remedio\.m2\repository\ch\qos\logback\logback-classic\1.1.11\logback-classic-1.1.11.jar;C:\Users\otavio.remedio\.m2\repository\ch\qos\logback\logback-core\1.1.11\logback-core-1.1.11.jar;C:\Users\otavio.remedio\.m2\repository\org\slf4j\jcl-over-slf4j\1.7.25\jcl-over-slf4j-1.7.25.jar;C:\Users\otavio.remedio\.m2\repository\org\slf4j\jul-to-slf4j\1.7.25\jul-to-slf4j-1.7.25.jar;C:\Users\otavio.remedio\.m2\repository\org\slf4j\log4j-over-slf4j\1.7.25\log4j-over-slf4j-1.7.25.jar;C:\Users\otavio.remedio\.m2\repository\org\yaml\snakeyaml\1.17\snakeyaml-1.17.jar;C:\Users\otavio.remedio\.m2\repository\org\springframework\boot\spring-boot-starter-tomcat\1.5.10.RELEASE\spring-boot-starter-tomcat-1.5.10.RELEASE.jar;C:\Users\otavio.remedio\.m2\repository\org\apache\tomcat\embed\tomcat-embed-core\8.5.27\tomcat-embed-core-8.5.27.jar;C:\Users\otavio.remedio\.m2\repository\org\apache\tomcat\tomcat-annotations-api\8.5.27\tomcat-annotations-api-8.5.27.jar;C:\Users\otavio.remedio\.m2\repository\org\apache\tomcat\embed\tomcat-embed-el\8.5.27\tomcat-embed-el-8.5.27.jar;C:\Users\otavio.remedio\.m2\repository\org\apache\tomcat\embed\tomcat-embed-websocket\8.5.27\tomcat-embed-websocket-8.5.27.jar;C:\Users\otavio.re
Launcher Type: SUN_STANDARD

Environment Variables:
JAVA_HOME=C:\Program Files (x86)\Java\jdk1.7.0_55
PATH=C:\Program Files (x86)\Java\jdk1.8.0_20\jre\bin;C:\app\otavio.remedio\product\11.2.0\client_1;C:\Program Files (x86)\Intel\iCLS Client\;C:\Program Files\Intel\iCLS Client\;C:\ProgramData\Oracle\Java\javapath;C:\app\product\11.2.0\client_1\bin;C:\Windows\system32;C:\Windows;C:\Windows\System32\Wbem;C:\Windows\System32\WindowsPowerShell\v1.0\;C:\Program Files (x86)\Intel\Intel(R) Management Engine Components\DAL;C:\Program Files\Intel\Intel(R) Management Engine Components\DAL;C:\Program Files (x86)\Intel\Intel(R) Management Engine Components\IPT;C:\Program Files\Intel\Intel(R) Management Engine Components\IPT;C:\Program Files\Git\cmd;C:\Program Files (x86)\Skype\Phone\;C:\Program Files (x86)\Java\jdk1.7.0_55\bin;D:\apache-maven-3.2.5\bin;C:\Program Files\nodejs\;C:\Program Files\PuTTY\;C:\Users\otavio.remedio\AppData\Local\Microsoft\WindowsApps;C:\Users\otavio.remedio\AppData\Roaming\npm
USERNAME=otavio.remedio
OS=Windows_NT
PROCESSOR_IDENTIFIER=Intel64 Family 6 Model 158 Stepping 9, GenuineIntel



---------------  S Y S T E M  ---------------

OS: Windows 8.1 , 64 bit Build 9600 

CPU:total 8 (4 cores per cpu, 2 threads per core) family 6 model 158 stepping 9, cmov, cx8, fxsr, mmx, sse, sse2, sse3, ssse3, sse4.1, sse4.2, popcnt, avx, avx2, aes, clmul, erms, rtm, lzcnt, ht, tsc, tscinvbit, bmi1, bmi2

Memory: 4k page, physical 16658252k(9263688k free), swap 20721484k(12060372k free)

vm_info: Java HotSpot(TM) Client VM (25.20-b23) for windows-x86 JRE (1.8.0_20-b26), built on Jul 30 2014 18:14:41 by "java_re" with MS VC++ 10.0 (VS2010)

time: Thu Feb 15 10:51:32 2018
elapsed time: 967 seconds (0d 0h 16m 7s)

